<?xml version="1.0" encoding="UTF-8"?>
<!-- Generated by org.testng.reporters.JUnitXMLReporter -->
<testsuite ignored="0" hostname="DESKTOP-STT5VRR" failures="0" tests="3" name="Default test" time="128.936" errors="0" timestamp="2023-07-24T15:27:18 IST">
  <testcase classname="test.Signintest" name="verifysignin" time="14.1"/>
  <testcase classname="test.SProducttest" name="verifyproduct" time="15.585"/>
  <testcase classname="test.TCarttest" name="verifycart" time="73.681"/>
</testsuite> <!-- Default test -->
