<?xml version="1.0" encoding="UTF-8"?>
<!-- Generated by org.testng.reporters.JUnitXMLReporter -->
<testsuite ignored="0" hostname="DESKTOP-STT5VRR" failures="0" tests="4" name="Test" time="87.523" errors="0" timestamp="2023-07-25T12:43:21 IST">
  <testcase classname="test.Createtest" name="verifycreate" time="5.853"/>
  <testcase classname="test.Signintest" name="verifysignin" time="5.757"/>
  <testcase classname="test.SProducttest" name="verifyproduct" time="11.115"/>
  <testcase classname="test.TCarttest" name="verifycart" time="31.003"/>
</testsuite> <!-- Test -->
